

Started GET "/companies" for ::1 at 2015-12-14 18:17:16 -0800

ActionController::RoutingError (No route matches [GET] "/companies"):
  actionpack (4.2.1) lib/action_dispatch/middleware/debug_exceptions.rb:21:in `call'
  web-console (2.2.1) lib/web_console/middleware.rb:39:in `call'
  actionpack (4.2.1) lib/action_dispatch/middleware/show_exceptions.rb:30:in `call'
  railties (4.2.1) lib/rails/rack/logger.rb:38:in `call_app'
  railties (4.2.1) lib/rails/rack/logger.rb:20:in `block in call'
  activesupport (4.2.1) lib/active_support/tagged_logging.rb:68:in `block in tagged'
  activesupport (4.2.1) lib/active_support/tagged_logging.rb:26:in `tagged'
  activesupport (4.2.1) lib/active_support/tagged_logging.rb:68:in `tagged'
  railties (4.2.1) lib/rails/rack/logger.rb:20:in `call'
  actionpack (4.2.1) lib/action_dispatch/middleware/request_id.rb:21:in `call'
  rack (1.6.4) lib/rack/methodoverride.rb:22:in `call'
  rack (1.6.4) lib/rack/runtime.rb:18:in `call'
  activesupport (4.2.1) lib/active_support/cache/strategy/local_cache_middleware.rb:28:in `call'
  rack (1.6.4) lib/rack/lock.rb:17:in `call'
  actionpack (4.2.1) lib/action_dispatch/middleware/static.rb:113:in `call'
  rack (1.6.4) lib/rack/sendfile.rb:113:in `call'
  railties (4.2.1) lib/rails/engine.rb:518:in `call'
  railties (4.2.1) lib/rails/application.rb:164:in `call'
  rack (1.6.4) lib/rack/lock.rb:17:in `call'
  rack (1.6.4) lib/rack/content_length.rb:15:in `call'
  rack (1.6.4) lib/rack/handler/webrick.rb:88:in `service'
  /Users/stefanzier/.rvm/rubies/ruby-2.0.0-p643/lib/ruby/2.0.0/webrick/httpserver.rb:138:in `service'
  /Users/stefanzier/.rvm/rubies/ruby-2.0.0-p643/lib/ruby/2.0.0/webrick/httpserver.rb:94:in `run'
  /Users/stefanzier/.rvm/rubies/ruby-2.0.0-p643/lib/ruby/2.0.0/webrick/server.rb:295:in `block in start_thread'


  Rendered /Users/stefanzier/.rvm/gems/ruby-2.0.0-p643/gems/actionpack-4.2.1/lib/action_dispatch/middleware/templates/rescues/_trace.html.erb (1.9ms)
  Rendered /Users/stefanzier/.rvm/gems/ruby-2.0.0-p643/gems/actionpack-4.2.1/lib/action_dispatch/middleware/templates/routes/_table.html.erb (8.8ms)
  Rendered /Users/stefanzier/.rvm/gems/ruby-2.0.0-p643/gems/actionpack-4.2.1/lib/action_dispatch/middleware/templates/rescues/_request_and_response.html.erb (12.4ms)
  Rendered /Users/stefanzier/.rvm/gems/ruby-2.0.0-p643/gems/actionpack-4.2.1/lib/action_dispatch/middleware/templates/rescues/routing_error.html.erb within rescues/layout (78.8ms)
  Rendered /Users/stefanzier/.rvm/gems/ruby-2.0.0-p643/gems/web-console-2.2.1/lib/web_console/templates/_markup.html.erb (0.5ms)
  Rendered /Users/stefanzier/.rvm/gems/ruby-2.0.0-p643/gems/web-console-2.2.1/lib/web_console/templates/_inner_console_markup.html.erb within layouts/inlined_string (0.4ms)
  Rendered /Users/stefanzier/.rvm/gems/ruby-2.0.0-p643/gems/web-console-2.2.1/lib/web_console/templates/_prompt_box_markup.html.erb within layouts/inlined_string (0.4ms)
  Rendered /Users/stefanzier/.rvm/gems/ruby-2.0.0-p643/gems/web-console-2.2.1/lib/web_console/templates/style.css.erb within layouts/inlined_string (0.4ms)
  Rendered /Users/stefanzier/.rvm/gems/ruby-2.0.0-p643/gems/web-console-2.2.1/lib/web_console/templates/console.js.erb within layouts/javascript (29.2ms)
  Rendered /Users/stefanzier/.rvm/gems/ruby-2.0.0-p643/gems/web-console-2.2.1/lib/web_console/templates/main.js.erb within layouts/javascript (0.4ms)
  Rendered /Users/stefanzier/.rvm/gems/ruby-2.0.0-p643/gems/web-console-2.2.1/lib/web_console/templates/error_page.js.erb within layouts/javascript (0.5ms)
  Rendered /Users/stefanzier/.rvm/gems/ruby-2.0.0-p643/gems/web-console-2.2.1/lib/web_console/templates/index.html.erb (84.7ms)


Started GET "/" for ::1 at 2015-12-14 18:17:18 -0800
Processing by Rails::WelcomeController#index as HTML
  Rendered /Users/stefanzier/.rvm/gems/ruby-2.0.0-p643/gems/railties-4.2.1/lib/rails/templates/rails/welcome/index.html.erb (0.7ms)
Completed 200 OK in 26ms (Views: 25.0ms | ActiveRecord: 0.0ms)


Started GET "/" for ::1 at 2015-12-14 18:19:26 -0800
Processing by Rails::WelcomeController#index as HTML
  Rendered /Users/stefanzier/.rvm/gems/ruby-2.0.0-p643/gems/railties-4.2.1/lib/rails/templates/rails/welcome/index.html.erb (2.5ms)
Completed 200 OK in 21ms (Views: 11.0ms | ActiveRecord: 0.0ms)


Started GET "/" for ::1 at 2015-12-14 18:19:42 -0800

NoMethodError (undefined method `root_url' for #<ActionDispatch::Routing::Mapper:0x007fcf0f0b1a90>):
  config/routes.rb:3:in `block in <top (required)>'
  config/routes.rb:1:in `<top (required)>'


  Rendered /Users/stefanzier/.rvm/gems/ruby-2.0.0-p643/gems/actionpack-4.2.1/lib/action_dispatch/middleware/templates/rescues/_source.erb (5.1ms)
  Rendered /Users/stefanzier/.rvm/gems/ruby-2.0.0-p643/gems/actionpack-4.2.1/lib/action_dispatch/middleware/templates/rescues/_trace.html.erb (2.1ms)
  Rendered /Users/stefanzier/.rvm/gems/ruby-2.0.0-p643/gems/actionpack-4.2.1/lib/action_dispatch/middleware/templates/rescues/_request_and_response.html.erb (1.0ms)
  Rendered /Users/stefanzier/.rvm/gems/ruby-2.0.0-p643/gems/actionpack-4.2.1/lib/action_dispatch/middleware/templates/rescues/diagnostics.html.erb within rescues/layout (26.0ms)
  Rendered /Users/stefanzier/.rvm/gems/ruby-2.0.0-p643/gems/web-console-2.2.1/lib/web_console/templates/_markup.html.erb (0.5ms)
  Rendered /Users/stefanzier/.rvm/gems/ruby-2.0.0-p643/gems/web-console-2.2.1/lib/web_console/templates/_inner_console_markup.html.erb within layouts/inlined_string (0.4ms)
  Rendered /Users/stefanzier/.rvm/gems/ruby-2.0.0-p643/gems/web-console-2.2.1/lib/web_console/templates/_prompt_box_markup.html.erb within layouts/inlined_string (0.4ms)
  Rendered /Users/stefanzier/.rvm/gems/ruby-2.0.0-p643/gems/web-console-2.2.1/lib/web_console/templates/style.css.erb within layouts/inlined_string (0.4ms)
  Rendered /Users/stefanzier/.rvm/gems/ruby-2.0.0-p643/gems/web-console-2.2.1/lib/web_console/templates/console.js.erb within layouts/javascript (19.9ms)
  Rendered /Users/stefanzier/.rvm/gems/ruby-2.0.0-p643/gems/web-console-2.2.1/lib/web_console/templates/main.js.erb within layouts/javascript (0.3ms)
  Rendered /Users/stefanzier/.rvm/gems/ruby-2.0.0-p643/gems/web-console-2.2.1/lib/web_console/templates/error_page.js.erb within layouts/javascript (0.5ms)
  Rendered /Users/stefanzier/.rvm/gems/ruby-2.0.0-p643/gems/web-console-2.2.1/lib/web_console/templates/index.html.erb (44.5ms)


Started GET "/" for ::1 at 2015-12-14 18:20:39 -0800
Processing by WelcomeController#index as HTML
  Rendered welcome/index.html.erb within layouts/application (1.3ms)
DEPRECATION WARNING on line 78 of /Users/stefanzier/.rvm/gems/ruby-2.0.0-p643/gems/foundation-rails-5.5.2.1/vendor/assets/stylesheets/foundation/components/_top-bar.scss: #{} interpolation near operators will be simplified
in a future version of Sass. To preserve the current behavior, use quotes:

  unquote("#{lower-bound($medium-range)}")


Completed 200 OK in 16255ms (Views: 16253.1ms | ActiveRecord: 0.0ms)


Started GET "/assets/foundation.self-cb064281ae0c5f8b531832775e4d5f7291f55ed644b35d242544cb0cf1c4b60d.css?body=1" for ::1 at 2015-12-14 18:20:55 -0800


Started GET "/assets/foundation_and_overrides.self-cb064281ae0c5f8b531832775e4d5f7291f55ed644b35d242544cb0cf1c4b60d.css?body=1" for ::1 at 2015-12-14 18:20:55 -0800


Started GET "/assets/welcome.self-e3b0c44298fc1c149afbf4c8996fb92427ae41e4649b934ca495991b7852b855.css?body=1" for ::1 at 2015-12-14 18:20:55 -0800


Started GET "/assets/foundation/foundation.abide.self-f8b56c707a79139807305a5f7efc2aaa0848f0c677abcc056496f507e0192b79.js?body=1" for ::1 at 2015-12-14 18:20:55 -0800


Started GET "/assets/application.self-4f22ee513bff51c07ddbacea6716b3bb025259c40c0c44f68b3b024ed0ff7a2c.css?body=1" for ::1 at 2015-12-14 18:20:55 -0800


Started GET "/assets/foundation/foundation.clearing.self-54610737b435a97590fcb176848c3c7a44c4d55d369894260fa7c28c97a70a23.js?body=1" for ::1 at 2015-12-14 18:20:55 -0800


Started GET "/assets/foundation/foundation.self-ee5396739ce46beb039f26ea629172a74143752d74f703c6c3b219fc52aecf73.js?body=1" for ::1 at 2015-12-14 18:20:55 -0800


Started GET "/assets/foundation/foundation.accordion.self-d55abdcb0a7a29512be2f31f63d418cc8cc4505a0a3c71946d25484b0a0b3f4e.js?body=1" for ::1 at 2015-12-14 18:20:55 -0800


Started GET "/assets/foundation/foundation.equalizer.self-7aa743bf4660deb2fb2f601c112806a1703c430067531da3f41e4afffe19fee9.js?body=1" for ::1 at 2015-12-14 18:20:55 -0800


Started GET "/assets/foundation/foundation.interchange.self-dad8415355087cb21a16fa44bac20d602344d52de5aca9e588e3588fce5dd5a7.js?body=1" for ::1 at 2015-12-14 18:20:55 -0800


Started GET "/assets/foundation/foundation.dropdown.self-c9ee29909e266373e5e814a73fc6ea062245ddd29466d35d232448f73350d78a.js?body=1" for ::1 at 2015-12-14 18:20:55 -0800


Started GET "/assets/welcome.self-877aef30ae1b040ab8a3aba4e3e309a11d7f2612f44dde450b5c157aa5f95c05.js?body=1" for ::1 at 2015-12-14 18:20:55 -0800


Started GET "/assets/application.self-f7a823b9722f84321c559adceb8660d1824d0d92bf148e2766637a7dbc8bd33e.js?body=1" for ::1 at 2015-12-14 18:20:55 -0800


Started GET "/assets/foundation/foundation.alert.self-fbde7afb61e8ffd8ab9b717f0bed1e58cb9e0144a25cc773fea634d5554f62cd.js?body=1" for ::1 at 2015-12-14 18:20:56 -0800


Started GET "/assets/foundation/foundation.offcanvas.self-75bffd0c7f4f0d2992ab95f0cc6959282ebb5807da70123d40c01d76e230ec88.js?body=1" for ::1 at 2015-12-14 18:20:56 -0800


Started GET "/assets/foundation/foundation.slider.self-8911a7352cb577b6b7973b0734d57d2b624c79286558ffa36fcac0c29b2d0bee.js?body=1" for ::1 at 2015-12-14 18:20:56 -0800


Started GET "/assets/foundation/foundation.orbit.self-f8d30eb1717c874db26723f9e07901ec0a325d59263f1404ee83a616bb597ad2.js?body=1" for ::1 at 2015-12-14 18:20:56 -0800


Started GET "/assets/foundation/foundation.reveal.self-95f01feb3e25e47b58b78da0021ae2fffafdee70846682067c180e0e10f7b095.js?body=1" for ::1 at 2015-12-14 18:20:56 -0800


Started GET "/assets/foundation/foundation.magellan.self-a50193f172f11e57b373c3001072ba2d6b34b857ab251e9ded30af5242855687.js?body=1" for ::1 at 2015-12-14 18:20:56 -0800


Started GET "/assets/foundation/foundation.joyride.self-0a5271728699423f583dd5b3b8a11bfe0dc9fb5044446bcf3218ef8ca906a82d.js?body=1" for ::1 at 2015-12-14 18:20:56 -0800


Started GET "/assets/jquery.self-a714331225dda820228db323939889f149aec0127aeb06255646b616ba1ca419.js?body=1" for ::1 at 2015-12-14 18:20:56 -0800


Started GET "/assets/foundation/foundation.tab.self-9bf6791513d1b20e213bb1aee3df0bc17128c7e18421258dc68a2a4ccabe1647.js?body=1" for ::1 at 2015-12-14 18:20:56 -0800


Started GET "/assets/foundation/foundation.tooltip.self-834156796c253580629cfffc720bdc3d191b1e5a5a6ddbc1102ecd08c876516c.js?body=1" for ::1 at 2015-12-14 18:20:56 -0800


Started GET "/assets/jquery_ujs.self-d456baa54c1fa6be2ec3711f0a72ddf7a5b2f34a6b4f515f33767d6207b7d4b3.js?body=1" for ::1 at 2015-12-14 18:20:56 -0800


Started GET "/assets/turbolinks.self-c37727e9bd6b2735da5c311aa83fead54ed0be6cc8bd9a65309e9c5abe2cbfff.js?body=1" for ::1 at 2015-12-14 18:20:56 -0800


Started GET "/assets/foundation.self-abe4ee7a105042f73b12b1f1a28788522d2f253445a475a94ab4d6e1f7b0ec52.js?body=1" for ::1 at 2015-12-14 18:20:56 -0800


Started GET "/assets/foundation/foundation.topbar.self-105416f061562f07c6a0a8057d68282fdc1eeb5dc306713fcae6c9a53001fc55.js?body=1" for ::1 at 2015-12-14 18:20:56 -0800


Started GET "/assets/vendor/modernizr.self-74da3245def7569da28115667be6a85a2ad97464abe707c9829c46d8975597bc.js?body=1" for ::1 at 2015-12-14 18:20:56 -0800


Started GET "/" for ::1 at 2015-12-14 18:22:43 -0800
Processing by WelcomeController#index as HTML
  Rendered welcome/index.html.haml within layouts/application (1.1ms)
Completed 200 OK in 655ms (Views: 651.7ms | ActiveRecord: 0.0ms)


Started GET "/assets/foundation.self-cb064281ae0c5f8b531832775e4d5f7291f55ed644b35d242544cb0cf1c4b60d.css?body=1" for ::1 at 2015-12-14 18:22:44 -0800


Started GET "/assets/foundation_and_overrides.self-cb064281ae0c5f8b531832775e4d5f7291f55ed644b35d242544cb0cf1c4b60d.css?body=1" for ::1 at 2015-12-14 18:22:44 -0800


Started GET "/assets/welcome.self-e3b0c44298fc1c149afbf4c8996fb92427ae41e4649b934ca495991b7852b855.css?body=1" for ::1 at 2015-12-14 18:22:44 -0800


Started GET "/assets/foundation/foundation.alert.self-fbde7afb61e8ffd8ab9b717f0bed1e58cb9e0144a25cc773fea634d5554f62cd.js?body=1" for ::1 at 2015-12-14 18:22:44 -0800


Started GET "/assets/foundation/foundation.self-ee5396739ce46beb039f26ea629172a74143752d74f703c6c3b219fc52aecf73.js?body=1" for ::1 at 2015-12-14 18:22:44 -0800


Started GET "/assets/foundation/foundation.abide.self-f8b56c707a79139807305a5f7efc2aaa0848f0c677abcc056496f507e0192b79.js?body=1" for ::1 at 2015-12-14 18:22:44 -0800


Started GET "/assets/foundation/foundation.accordion.self-d55abdcb0a7a29512be2f31f63d418cc8cc4505a0a3c71946d25484b0a0b3f4e.js?body=1" for ::1 at 2015-12-14 18:22:44 -0800


Started GET "/assets/application.self-4f22ee513bff51c07ddbacea6716b3bb025259c40c0c44f68b3b024ed0ff7a2c.css?body=1" for ::1 at 2015-12-14 18:22:44 -0800


Started GET "/assets/foundation/foundation.clearing.self-54610737b435a97590fcb176848c3c7a44c4d55d369894260fa7c28c97a70a23.js?body=1" for ::1 at 2015-12-14 18:22:44 -0800


Started GET "/assets/foundation/foundation.dropdown.self-c9ee29909e266373e5e814a73fc6ea062245ddd29466d35d232448f73350d78a.js?body=1" for ::1 at 2015-12-14 18:22:44 -0800


Started GET "/assets/foundation/foundation.equalizer.self-7aa743bf4660deb2fb2f601c112806a1703c430067531da3f41e4afffe19fee9.js?body=1" for ::1 at 2015-12-14 18:22:44 -0800


Started GET "/assets/foundation/foundation.interchange.self-dad8415355087cb21a16fa44bac20d602344d52de5aca9e588e3588fce5dd5a7.js?body=1" for ::1 at 2015-12-14 18:22:44 -0800


Started GET "/assets/foundation/foundation.joyride.self-0a5271728699423f583dd5b3b8a11bfe0dc9fb5044446bcf3218ef8ca906a82d.js?body=1" for ::1 at 2015-12-14 18:22:44 -0800


Started GET "/assets/foundation/foundation.magellan.self-a50193f172f11e57b373c3001072ba2d6b34b857ab251e9ded30af5242855687.js?body=1" for ::1 at 2015-12-14 18:22:44 -0800


Started GET "/assets/foundation/foundation.offcanvas.self-75bffd0c7f4f0d2992ab95f0cc6959282ebb5807da70123d40c01d76e230ec88.js?body=1" for ::1 at 2015-12-14 18:22:44 -0800


Started GET "/assets/foundation/foundation.orbit.self-f8d30eb1717c874db26723f9e07901ec0a325d59263f1404ee83a616bb597ad2.js?body=1" for ::1 at 2015-12-14 18:22:44 -0800


Started GET "/assets/foundation/foundation.reveal.self-95f01feb3e25e47b58b78da0021ae2fffafdee70846682067c180e0e10f7b095.js?body=1" for ::1 at 2015-12-14 18:22:44 -0800


Started GET "/assets/foundation/foundation.slider.self-8911a7352cb577b6b7973b0734d57d2b624c79286558ffa36fcac0c29b2d0bee.js?body=1" for ::1 at 2015-12-14 18:22:44 -0800


Started GET "/assets/foundation/foundation.tooltip.self-834156796c253580629cfffc720bdc3d191b1e5a5a6ddbc1102ecd08c876516c.js?body=1" for ::1 at 2015-12-14 18:22:44 -0800


Started GET "/assets/foundation/foundation.tab.self-9bf6791513d1b20e213bb1aee3df0bc17128c7e18421258dc68a2a4ccabe1647.js?body=1" for ::1 at 2015-12-14 18:22:44 -0800


Started GET "/assets/foundation/foundation.topbar.self-105416f061562f07c6a0a8057d68282fdc1eeb5dc306713fcae6c9a53001fc55.js?body=1" for ::1 at 2015-12-14 18:22:44 -0800


Started GET "/assets/foundation.self-abe4ee7a105042f73b12b1f1a28788522d2f253445a475a94ab4d6e1f7b0ec52.js?body=1" for ::1 at 2015-12-14 18:22:44 -0800


Started GET "/assets/jquery.self-a714331225dda820228db323939889f149aec0127aeb06255646b616ba1ca419.js?body=1" for ::1 at 2015-12-14 18:22:44 -0800


Started GET "/assets/jquery_ujs.self-d456baa54c1fa6be2ec3711f0a72ddf7a5b2f34a6b4f515f33767d6207b7d4b3.js?body=1" for ::1 at 2015-12-14 18:22:44 -0800


Started GET "/assets/turbolinks.self-c37727e9bd6b2735da5c311aa83fead54ed0be6cc8bd9a65309e9c5abe2cbfff.js?body=1" for ::1 at 2015-12-14 18:22:44 -0800


Started GET "/assets/welcome.self-877aef30ae1b040ab8a3aba4e3e309a11d7f2612f44dde450b5c157aa5f95c05.js?body=1" for ::1 at 2015-12-14 18:22:44 -0800


Started GET "/assets/application.self-f7a823b9722f84321c559adceb8660d1824d0d92bf148e2766637a7dbc8bd33e.js?body=1" for ::1 at 2015-12-14 18:22:44 -0800


Started GET "/assets/vendor/modernizr.self-74da3245def7569da28115667be6a85a2ad97464abe707c9829c46d8975597bc.js?body=1" for ::1 at 2015-12-14 18:22:44 -0800
